2008-08-25 17:12:18,137 [main] INFO  o.b.conference.Application - Blindside.appStart
2008-08-25 17:12:18,147 [main] DEBUG o.b.conference.Application - Loading conference rooms
2008-08-25 17:12:18,157 [main] DEBUG o.b.conference.Application - Item no:0, Name: 85115, moderator: modpass, viewer: viewpass
2008-08-25 17:12:18,157 [main] DEBUG o.b.conference.Application - Item no:1, Name: 911, moderator: modpass, viewer: viewpass
2008-08-25 17:13:48,256 [pool-4-thread-1] INFO  o.b.conference.Application - Blindside.roomStart 
2008-08-25 17:13:48,256 [pool-4-thread-1] INFO  o.b.conference.Application - Blindside.appConnect 0
2008-08-25 17:13:48,256 [pool-4-thread-1] INFO  o.b.conference.Application - Blindside.roomConnect 0
2008-08-25 17:13:48,256 [pool-4-thread-1] INFO  o.b.conference.Application - User logging [85115,test,modpass]
2008-08-25 17:13:48,266 [pool-4-thread-1] INFO  o.b.conference.Application - Setting userId and role [0,MODERATOR]
2008-08-25 17:13:48,286 [pool-4-thread-1] INFO  o.b.conference.Application - Blindside::roomConnect - Adding[0,1]
2008-08-25 17:13:48,286 [pool-4-thread-1] INFO  o.b.conference.Application - Blindside::roomJoin - 0
2008-08-25 17:13:48,487 [pool-4-thread-2] INFO  o.b.conference.Application - Received result OK for setUserIdAndRole
2008-08-25 17:13:55,517 [pool-4-thread-16] INFO  o.b.conference.Application - Blindside.appConnect 4
2008-08-25 17:13:55,517 [pool-4-thread-16] INFO  o.b.conference.Application - Blindside.roomConnect 4
2008-08-25 17:13:55,517 [pool-4-thread-16] INFO  o.b.conference.Application - User logging [85115,Denis,modpass]
2008-08-25 17:13:55,517 [pool-4-thread-16] INFO  o.b.conference.Application - Setting userId and role [4,MODERATOR]
2008-08-25 17:13:55,517 [pool-4-thread-16] INFO  o.b.conference.Application - Blindside::roomConnect - Adding[4,2]
2008-08-25 17:13:55,517 [pool-4-thread-16] INFO  o.b.conference.Application - Blindside::roomJoin - 4
2008-08-25 17:13:55,527 [pool-4-thread-16] INFO  o.b.conference.Application - Received result OK for setUserIdAndRole
2008-08-25 17:14:00,674 [pool-4-thread-16] INFO  o.b.conference.Application - Blindside.appConnect 11
2008-08-25 17:15:35,911 [pool-4-thread-15] INFO  o.b.conference.Application - Blindside::roomLeave - Removing[0,1]
2008-08-25 17:15:35,911 [pool-4-thread-15] INFO  o.b.conference.Application - Blindside.appDisconnect 0
2008-08-25 17:15:37,774 [pool-4-thread-13] INFO  o.b.conference.Application - Blindside::roomLeave - Removing[4,0]
2008-08-25 17:15:37,774 [pool-4-thread-13] INFO  o.b.conference.Application - Blindside.appDisconnect 4
