2008-08-28 16:05:02,209 [main] INFO  o.b.presentation.Application - Presentation::appStart - 
2008-08-28 16:05:02,369 [main] INFO  o.b.p.b.JmsConnectionContextListener - Connecting to presentation service
2008-08-28 16:05:02,369 [main] INFO  o.b.p.b.JmsConnectionContextListener - Connected to presentation service
2008-08-28 16:05:02,379 [Conversion Updates Listener] INFO  o.b.p.ConversionUpdatesService - Will wait for document conversion updates messages.
2008-08-28 16:05:29,128 [pool-4-thread-16] INFO  o.b.presentation.Application - Presentation::roomStart - 85115
2008-08-28 16:05:29,138 [pool-4-thread-16] INFO  o.b.presentation.Application - Presentation::appConnect - 3
2008-08-28 16:05:29,138 [pool-4-thread-16] INFO  o.b.presentation.Application - Presentation::roomConnect 3
2008-08-28 16:05:29,138 [pool-4-thread-16] INFO  o.b.presentation.Application - Presentation::roomJoin - 3
2008-08-28 16:05:32,763 [pool-4-thread-16] INFO  o.b.presentation.Application - Presentation::appConnect - 6
2008-08-28 16:05:32,763 [pool-4-thread-16] INFO  o.b.presentation.Application - Presentation::roomConnect 6
2008-08-28 16:05:32,763 [pool-4-thread-16] INFO  o.b.presentation.Application - Presentation::roomJoin - 6
2008-08-28 16:06:47,590 [pool-4-thread-16] INFO  o.b.presentation.Application - Presentation::appConnect - 9
2008-08-28 16:06:47,590 [pool-4-thread-16] INFO  o.b.presentation.Application - Presentation::roomConnect 9
2008-08-28 16:06:47,590 [pool-4-thread-16] INFO  o.b.presentation.Application - Presentation::roomJoin - 9
2008-08-28 16:06:47,781 [DefaultQuartzScheduler_Worker-6] INFO  o.b.presentation.Application - Presentation::roomLeave - 6
2008-08-28 16:06:47,781 [DefaultQuartzScheduler_Worker-6] INFO  o.b.presentation.Application - Presentation::appDisconnect - 6
2008-08-28 16:07:26,146 [pool-4-thread-14] INFO  o.b.presentation.Application - Presentation::roomLeave - 3
2008-08-28 16:07:26,146 [pool-4-thread-14] INFO  o.b.presentation.Application - Presentation::appDisconnect - 3
2008-08-28 16:07:27,207 [pool-4-thread-12] INFO  o.b.presentation.Application - Presentation::roomLeave - 9
2008-08-28 16:07:27,207 [pool-4-thread-12] INFO  o.b.presentation.Application - Presentation::appDisconnect - 9
